#
# There is insufficient memory for the Java Runtime Environment to continue.
# Native memory allocation (mmap) failed to map 266338304 bytes for Failed to commit area from 0x0000000702600000 to 0x0000000712400000 of length 266338304.
# Possible reasons:
#   The system is out of physical RAM or swap space
#   The process is running with CompressedOops enabled, and the Java Heap may be blocking the growth of the native heap
# Possible solutions:
#   Reduce memory load on the system
#   Increase physical memory or swap space
#   Check if swap backing store is full
#   Decrease Java heap size (-Xmx/-Xms)
#   Decrease number of Java threads
#   Decrease Java thread stack sizes (-Xss)
#   Set larger code cache with -XX:ReservedCodeCacheSize=
# This output file may be truncated or incomplete.
#
#  Out of Memory Error (src/hotspot/os/windows/os_windows.cpp:3627), pid=16252, tid=3524
#
# JRE version:  (11.0.15) (build )
# Java VM: OpenJDK 64-Bit Server VM (11.0.15+0-b2043.56-9505619, mixed mode, sharing, tiered, compressed oops, g1 gc, windows-amd64)
# No core dump will be written. Minidumps are not enabled by default on client versions of Windows
#

---------------  S U M M A R Y ------------

Command Line: 

Host: Intel(R) Core(TM) i5-8300H CPU @ 2.30GHz, 4 cores, 15G,  Windows 10 , 64 bit Build 19041 (10.0.19041.2546)
Time: Tue Apr  4 03:36:37 2023  Windows 10 , 64 bit Build 19041 (10.0.19041.2546) elapsed time: 0.114607 seconds (0d 0h 0m 0s)

---------------  T H R E A D  ---------------

Current thread (0x000001dd864d2000):  JavaThread "Unknown thread" [_thread_in_vm, id=3524, stack(0x0000000f34c00000,0x0000000f34d00000)]

Stack: [0x0000000f34c00000,0x0000000f34d00000]
Native frames: (J=compiled Java code, j=interpreted, Vv=VM code, C=native code)
V  [jvm.dll+0x64135a]
V  [jvm.dll+0x7d39f9]
V  [jvm.dll+0x7d51b9]
V  [jvm.dll+0x7d58a3]
V  [jvm.dll+0x2691c5]
V  [jvm.dll+0x63e4e9]
V  [jvm.dll+0x632985]
V  [jvm.dll+0x3231ac]
V  [jvm.dll+0x323032]
V  [jvm.dll+0x327c06]
V  [jvm.dll+0x36ffa2]
V  [jvm.dll+0x36fa01]
V  [jvm.dll+0x2fea28]
V  [jvm.dll+0x2ffb25]
V  [jvm.dll+0x7accd7]
V  [jvm.dll+0x7ae49f]
V  [jvm.dll+0x37d299]
V  [jvm.dll+0x78ef9f]
V  [jvm.dll+0x3ec847]
V  [jvm.dll+0x3eed31]
C  [jli.dll+0x52cb]
C  [ucrtbase.dll+0x21bb2]
C  [KERNEL32.DLL+0x17614]
C  [ntdll.dll+0x526a1]


---------------  P R O C E S S  ---------------

Threads class SMR info:
_java_thread_list=0x000001dd844322e0, length=0, elements={
}

Java Threads: ( => current thread )

Other Threads:
  0x000001dd864ea000 GCTaskThread "GC Thread#0" [stack: 0x0000000f34d00000,0x0000000f34e00000] [id=968]
  0x000001dd86546800 ConcurrentGCThread "G1 Main Marker" [stack: 0x0000000f34e00000,0x0000000f34f00000] [id=3304]
  0x000001dd86547800 ConcurrentGCThread "G1 Conc#0" [stack: 0x0000000f34f00000,0x0000000f35000000] [id=15048]

[error occurred during error reporting (printing all threads), id 0xc0000005, EXCEPTION_ACCESS_VIOLATION (0xc0000005) at pc=0x00007ff93f2ff3e7]

VM state:not at safepoint (not fully initialized)

VM Mutex/Monitor currently owned by a thread:  ([mutex/lock_event])
[0x000001dd864ce750] Heap_lock - owner thread: 0x000001dd864d2000

Heap address: 0x0000000702600000, size: 4058 MB, Compressed Oops mode: Non-zero based: 0x0000000702600000
Narrow klass base: 0x0000000000000000, Narrow klass shift: 0

GC Heap History (0 events):
No events

Deoptimization events (0 events):
No events

Classes redefined (0 events):
No events

Internal exceptions (0 events):
No events

Events (1 events):
Event: 0.062 Loaded shared library F:\androidstud\jbr\bin\zip.dll


Dynamic libraries:
0x00007ff6ae280000 - 0x00007ff6ae28a000 	F:\androidstud\jbr\bin\java.EXE
0x00007ff99a450000 - 0x00007ff99a648000 	C:\WINDOWS\SYSTEM32\ntdll.dll
0x00007ff999d00000 - 0x00007ff999dbf000 	C:\WINDOWS\System32\KERNEL32.DLL
0x00007ff997e40000 - 0x00007ff998112000 	C:\WINDOWS\System32\KERNELBASE.dll
0x00007ff997ca0000 - 0x00007ff997da0000 	C:\WINDOWS\System32\ucrtbase.dll
0x00007ff98e4c0000 - 0x00007ff98e4d7000 	F:\androidstud\jbr\bin\jli.dll
0x00007ff998490000 - 0x00007ff998631000 	C:\WINDOWS\System32\USER32.dll
0x00007ff998230000 - 0x00007ff998252000 	C:\WINDOWS\System32\win32u.dll
0x00007ff9993b0000 - 0x00007ff9993db000 	C:\WINDOWS\System32\GDI32.dll
0x00007ff998120000 - 0x00007ff99822f000 	C:\WINDOWS\System32\gdi32full.dll
0x00007ff997da0000 - 0x00007ff997e3d000 	C:\WINDOWS\System32\msvcp_win.dll
0x00007ff98c7e0000 - 0x00007ff98c7fb000 	F:\androidstud\jbr\bin\VCRUNTIME140.dll
0x00007ff977560000 - 0x00007ff9777fa000 	C:\WINDOWS\WinSxS\amd64_microsoft.windows.common-controls_6595b64144ccf1df_6.0.19041.1110_none_60b5254171f9507e\COMCTL32.dll
0x00007ff999200000 - 0x00007ff99929e000 	C:\WINDOWS\System32\msvcrt.dll
0x00007ff9991b0000 - 0x00007ff9991e2000 	C:\WINDOWS\System32\IMM32.DLL
0x00007ff9926a0000 - 0x00007ff9926ac000 	F:\androidstud\jbr\bin\vcruntime140_1.dll
0x00007ff9878c0000 - 0x00007ff98794d000 	F:\androidstud\jbr\bin\msvcp140.dll
0x00007ff93eff0000 - 0x00007ff93fbac000 	F:\androidstud\jbr\bin\server\jvm.dll
0x00007ff999c50000 - 0x00007ff999cfe000 	C:\WINDOWS\System32\ADVAPI32.dll
0x00007ff9992a0000 - 0x00007ff99933c000 	C:\WINDOWS\System32\sechost.dll
0x00007ff999dc0000 - 0x00007ff999ee5000 	C:\WINDOWS\System32\RPCRT4.dll
0x00007ff998ea0000 - 0x00007ff998ea8000 	C:\WINDOWS\System32\PSAPI.DLL
0x00007ff990e30000 - 0x00007ff990e39000 	C:\WINDOWS\SYSTEM32\WSOCK32.dll
0x00007ff999340000 - 0x00007ff9993ab000 	C:\WINDOWS\System32\WS2_32.dll
0x00007ff983670000 - 0x00007ff983697000 	C:\WINDOWS\SYSTEM32\WINMM.dll
0x00007ff991820000 - 0x00007ff99182a000 	C:\WINDOWS\SYSTEM32\VERSION.dll
0x00007ff9963e0000 - 0x00007ff9963f2000 	C:\WINDOWS\SYSTEM32\kernel.appcore.dll
0x00007ff991800000 - 0x00007ff991810000 	F:\androidstud\jbr\bin\verify.dll
0x00007ff987120000 - 0x00007ff987304000 	C:\WINDOWS\SYSTEM32\DBGHELP.DLL
0x00007ff986610000 - 0x00007ff986645000 	C:\WINDOWS\SYSTEM32\dbgcore.DLL
0x00007ff998260000 - 0x00007ff9982e2000 	C:\WINDOWS\System32\bcryptPrimitives.dll
0x00007ff98c100000 - 0x00007ff98c128000 	F:\androidstud\jbr\bin\java.dll
0x00007ff98e750000 - 0x00007ff98e75a000 	F:\androidstud\jbr\bin\jimage.dll
0x00007ff98c160000 - 0x00007ff98c178000 	F:\androidstud\jbr\bin\zip.dll

dbghelp: loaded successfully - version: 4.0.5 - missing functions: none
symbol engine: initialized successfully - sym options: 0x614 - pdb path: .;F:\androidstud\jbr\bin;C:\WINDOWS\SYSTEM32;C:\WINDOWS\WinSxS\amd64_microsoft.windows.common-controls_6595b64144ccf1df_6.0.19041.1110_none_60b5254171f9507e;F:\androidstud\jbr\bin\server

VM Arguments:
java_command: <unknown>
java_class_path (initial): <not set>
Launcher Type: SUN_STANDARD

[Global flags]
     intx CICompilerCount                          = 3                                         {product} {ergonomic}
     uint ConcGCThreads                            = 1                                         {product} {ergonomic}
     uint G1ConcRefinementThreads                  = 4                                         {product} {ergonomic}
   size_t G1HeapRegionSize                         = 1048576                                   {product} {ergonomic}
    uintx GCDrainStackTargetSize                   = 64                                        {product} {ergonomic}
   size_t InitialHeapSize                          = 266338304                                 {product} {ergonomic}
   size_t MarkStackSize                            = 4194304                                   {product} {ergonomic}
   size_t MaxHeapSize                              = 4255121408                                {product} {ergonomic}
   size_t MinHeapDeltaBytes                        = 1048576                                   {product} {ergonomic}
    uintx NonNMethodCodeHeapSize                   = 5830732                                {pd product} {ergonomic}
    uintx NonProfiledCodeHeapSize                  = 122913754                              {pd product} {ergonomic}
    uintx ProfiledCodeHeapSize                     = 122913754                              {pd product} {ergonomic}
    uintx ReservedCodeCacheSize                    = 251658240                              {pd product} {ergonomic}
     bool SegmentedCodeCache                       = true                                      {product} {ergonomic}
     bool UseCompressedClassPointers               = true                                 {lp64_product} {ergonomic}
     bool UseCompressedOops                        = true                                 {lp64_product} {ergonomic}
     bool UseG1GC                                  = true                                      {product} {ergonomic}
     bool UseLargePagesIndividualAllocation        = false                                  {pd product} {ergonomic}

Logging:
Log output configuration:
 #0: stdout all=warning uptime,level,tags
 #1: stderr all=off uptime,level,tags

Environment Variables:
PATH=D:\VMWARE\bin\;C:\Program Files (x86)\Razer\ChromaBroadcast\bin;C:\Program Files\Razer\ChromaBroadcast\bin;C:\ProgramData\Oracle\Java\javapath;C:\Program Files (x86)\Intel\Intel(R) Management Engine Components\iCLS\;C:\Program Files\Intel\Intel(R) Management Engine Components\iCLS\;C:\Windows\system32;C:\Windows;C:\Windows\System32\Wbem;C:\Windows\System32\WindowsPowerShell\v1.0\;C:\Program Files\Intel\WiFi\bin\;C:\Program Files\Common Files\Intel\WirelessCommon\;C:\Program Files (x86)\Intel\Intel(R) Management Engine Components\DAL;C:\Program Files\Intel\Intel(R) Management Engine Components\DAL;C:\Program Files (x86)\Intel\Intel(R) Management Engine Components\IPT;C:\Program Files\Intel\Intel(R) Management Engine Components\IPT;C:\Program Files\NVIDIA Corporation\NVIDIA NvDLISR;C:\WINDOWS\system32;C:\WINDOWS;C:\WINDOWS\System32\Wbem;C:\WINDOWS\System32\WindowsPowerShell\v1.0\;C:\WINDOWS\System32\OpenSSH\;C:\Program Files (x86)\NVIDIA Corporation\PhysX\Common;C:\WINDOWS\system32;C:\WINDOWS;C:\WINDOWS\System32\Wbem;C:\WINDOWS\System32\WindowsPowerShell\v1.0\;C:\WINDOWS\System32\OpenSSH\;C:\Program Files\dotnet\;C:\Program Files\Microsoft SQL Server\130\Tools\Binn\;C:\Program Files\Microsoft SQL Server\Client SDK\ODBC\170\Tools\Binn\;C:\Users\User\AppData\Local\Microsoft\WindowsApps;C:\Users\User\AppData\Local\atom\bin;C:\Users\User\AppData\Local\Microsoft\WindowsApps;C:\Users\User\.dotnet\tools;C:\Program Files (x86)\Microsoft SQL Server\150\Tools\Binn\;C:\Program Files\Microsoft SQL Server\150\Tools\Binn\;C:\Program Files\Microsoft SQL Server\150\DTS\Binn\;D:\Git\cmd;C:\ProgramData\ComposerSetup\bin;C:\Users\User\AppData\Local\Microsoft\WindowsApps;C:\Program Files\Intel\WiFi\bin\;C:\Program Files\Common Files\Intel\WirelessCommon\;C:\Users\User\AppData\Local\atom\bin;C:\Users\User\AppData\Local\Microsoft\WindowsApps;C:\Users\User\.dotnet\tools;C:\Program Files\Azure Data Studio\bin;F:\dartsdk\flutter\bin;D:\xampp\php;C:\Users\User\AppData\Roaming\Composer\vendor
USERNAME=User
OS=Windows_NT
PROCESSOR_IDENTIFIER=Intel64 Family 6 Model 158 Stepping 10, GenuineIntel



---------------  S Y S T E M  ---------------

OS: Windows 10 , 64 bit Build 19041 (10.0.19041.2546)
OS uptime: 2 days 0:16 hours

CPU:total 4 (initial active 4) (4 cores per cpu, 2 threads per core) family 6 model 158 stepping 10 microcode 0xb4, cmov, cx8, fxsr, mmx, sse, sse2, sse3, ssse3, sse4.1, sse4.2, popcnt, avx, avx2, aes, clmul, erms, 3dnowpref, lzcnt, ht, tsc, tscinvbit, bmi1, bmi2, adx, fma

Memory: 4k page, system-wide physical 16226M (2277M free)
TotalPageFile size 31404M (AvailPageFile size 208M)
current process WorkingSet (physical memory assigned to process): 10M, peak: 10M
current process commit charge ("private bytes"): 52M, peak: 305M

vm_info: OpenJDK 64-Bit Server VM (11.0.15+0-b2043.56-9505619) for windows-amd64 JRE (11.0.15+0-b2043.56-9505619), built on Jan 19 2023 02:48:00 by "builduser" with unknown MS VC++:1929

END.
